<?xml version="1.0" encoding="UTF-8"?>
<testsuite xmlns:xsi="http://www.w3.org/2001/XMLSchema-instance" xsi:schemaLocation="https://maven.apache.org/surefire/maven-surefire-plugin/xsd/surefire-test-report.xsd" name="com.autotest.core.appolo.SearchTest" time="18.645" tests="2" errors="0" skipped="0" failures="1">
  <properties>
[...]
</properties>
  <testcase name="init" classname="com.autotest.core.appolo.SearchTest" time="0.35"/>
  <testcase name="testARoleTeacher" classname="com.autotest.core.appolo.SearchTest" time="7.266">
    <failure message="expected [You have 1 gradebook1111 waiting] but found [You have 1 gradebook waiting]" type="java.lang.AssertionError">java.lang.AssertionError: expected [You have 1 gradebook1111 waiting] but found [You have 1 gradebook waiting]
	at com.autotest.core.appolo.SearchTest.testARoleTeacher(SearchTest.java:30)
</failure>
    <system-out><![CDATA[[01:47:28] STARTED: appolo.SearchTest.testARoleTeacher()
Loading page ... https://api.edugix.com/
Loading page ... https://api.edugix.com/teacher/dashboard.html#/gradebook
[01:47:36] FAILURE: appolo.SearchTest.testARoleTeacher()

]]></system-out>
    <system-err><![CDATA[May 17, 2021 1:47:29 AM org.jboss.arquillian.graphene.enricher.FieldAccessValidatorEnricher checkFieldValidity
WARNING: Package-friendly field 'userInput' found in com.autotest.core.fragment.LoginPage. Direct access to fields outside of the declaring class is not allowed.
May 17, 2021 1:47:29 AM org.jboss.arquillian.graphene.enricher.FieldAccessValidatorEnricher checkFieldValidity
WARNING: Package-friendly field 'passwordInput' found in com.autotest.core.fragment.LoginPage. Direct access to fields outside of the declaring class is not allowed.
May 17, 2021 1:47:29 AM org.jboss.arquillian.graphene.enricher.FieldAccessValidatorEnricher checkFieldValidity
WARNING: Package-friendly field 'btnLogin' found in com.autotest.core.fragment.LoginPage. Direct access to fields outside of the declaring class is not allowed.
May 17, 2021 1:47:30 AM org.jboss.arquillian.graphene.enricher.FieldAccessValidatorEnricher checkFieldValidity
WARNING: Package-friendly field 'userInput' found in com.autotest.core.fragment.LoginPage$$EnhancerByGraphene$$3926c3f0. Direct access to fields outside of the declaring class is not allowed.
May 17, 2021 1:47:30 AM org.jboss.arquillian.graphene.enricher.FieldAccessValidatorEnricher checkFieldValidity
WARNING: Package-friendly field 'passwordInput' found in com.autotest.core.fragment.LoginPage$$EnhancerByGraphene$$3926c3f0. Direct access to fields outside of the declaring class is not allowed.
May 17, 2021 1:47:30 AM org.jboss.arquillian.graphene.enricher.FieldAccessValidatorEnricher checkFieldValidity
WARNING: Package-friendly field 'btnLogin' found in com.autotest.core.fragment.LoginPage$$EnhancerByGraphene$$3926c3f0. Direct access to fields outside of the declaring class is not allowed.
May 17, 2021 1:47:33 AM org.jboss.arquillian.graphene.enricher.FieldAccessValidatorEnricher checkFieldValidity
WARNING: Package-friendly field 'items' found in com.autotest.core.fragment.MenuNavigation. Direct access to fields outside of the declaring class is not allowed.
May 17, 2021 1:47:33 AM org.jboss.arquillian.graphene.enricher.FieldAccessValidatorEnricher checkFieldValidity
WARNING: Package-friendly field 'items' found in com.autotest.core.fragment.MenuNavigation$$EnhancerByGraphene$$69b53e2d. Direct access to fields outside of the declaring class is not allowed.
May 17, 2021 1:47:34 AM org.jboss.arquillian.graphene.enricher.FieldAccessValidatorEnricher checkFieldValidity
WARNING: Package-friendly field 'tabs' found in com.autotest.core.fragment.TeacherGradebook. Direct access to fields outside of the declaring class is not allowed.
May 17, 2021 1:47:34 AM org.jboss.arquillian.graphene.enricher.FieldAccessValidatorEnricher checkFieldValidity
WARNING: Package-friendly field 'tabs' found in com.autotest.core.fragment.TeacherGradebook$$EnhancerByGraphene$$22d4c9a4. Direct access to fields outside of the declaring class is not allowed.
May 17, 2021 1:47:34 AM org.jboss.arquillian.graphene.enricher.FieldAccessValidatorEnricher checkFieldValidity
WARNING: Package-friendly field 'title' found in com.autotest.core.fragment.Dialog. Direct access to fields outside of the declaring class is not allowed.
May 17, 2021 1:47:34 AM org.jboss.arquillian.graphene.enricher.FieldAccessValidatorEnricher checkFieldValidity
WARNING: Package-friendly field 'confirmButton' found in com.autotest.core.fragment.Dialog. Direct access to fields outside of the declaring class is not allowed.
May 17, 2021 1:47:34 AM org.jboss.arquillian.graphene.enricher.FieldAccessValidatorEnricher checkFieldValidity
WARNING: Package-friendly field 'title' found in com.autotest.core.fragment.Dialog$$EnhancerByGraphene$$65b0dc96. Direct access to fields outside of the declaring class is not allowed.
May 17, 2021 1:47:34 AM org.jboss.arquillian.graphene.enricher.FieldAccessValidatorEnricher checkFieldValidity
WARNING: Package-friendly field 'confirmButton' found in com.autotest.core.fragment.Dialog$$EnhancerByGraphene$$65b0dc96. Direct access to fields outside of the declaring class is not allowed.
]]></system-err>
  </testcase>
</testsuite>