<?xml version="1.0" encoding="UTF-8"?>
<testsuite xmlns:xsi="http://www.w3.org/2001/XMLSchema-instance" xsi:schemaLocation="https://maven.apache.org/surefire/maven-surefire-plugin/xsd/surefire-test-report.xsd" name="com.autotest.core.appolo.SearchTest" time="0.747" tests="4" errors="0" skipped="3" failures="1">
  <properties>
[...]
</properties>
  <testcase name="arquillianBeforeTest" classname="com.autotest.core.appolo.SearchTest" time="0.645">
    <failure message="There is no context available for qualifier org.jboss.arquillian.drone.api.annotation.Default. Available contexts are []." type="java.lang.IllegalStateException">java.lang.IllegalStateException: There is no context available for qualifier org.jboss.arquillian.drone.api.annotation.Default. Available contexts are [].
</failure>
    <system-err><![CDATA[May 12, 2021 10:50:49 AM org.jboss.arquillian.drone.webdriver.factory.remote.reusable.ReusedSessionPermanentFileStorage readStore
INFO: Reused session store is not available at /Users/lap00730/Documents/Minh/sample-selenium-webdriver/ui-tests-core/target/.drone-webdriver-session-store, a new one will be created.
May 12, 2021 10:50:49 AM org.openqa.selenium.remote.DesiredCapabilities firefox
INFO: Using `new FirefoxOptions()` is preferred to `DesiredCapabilities.firefox()`
May 12, 2021 10:50:49 AM org.openqa.selenium.remote.DesiredCapabilities firefox
INFO: Using `new FirefoxOptions()` is preferred to `DesiredCapabilities.firefox()`
May 12, 2021 10:50:49 AM com.autotest.core.ultil.testng.listener.AuxiliaryFailureScreenshotListener afterInvocation
SEVERE: User preferences does not point to a valid path ui-core/target/classes/firefox-prefs.js
java.lang.IllegalArgumentException: User preferences does not point to a valid path ui-core/target/classes/firefox-prefs.js
	at org.jboss.arquillian.drone.webdriver.utils.Validate.isValidPath(Validate.java:77)
	at org.jboss.arquillian.drone.webdriver.factory.FirefoxDriverFactory.addUserPreferencesFromFile(FirefoxDriverFactory.java:159)
	at org.jboss.arquillian.drone.webdriver.factory.FirefoxDriverFactory.getCapabilities(FirefoxDriverFactory.java:119)
	at org.jboss.arquillian.drone.webdriver.factory.FirefoxDriverFactory.createInstance(FirefoxDriverFactory.java:74)
	at org.jboss.arquillian.drone.webdriver.factory.FirefoxDriverFactory.createInstance(FirefoxDriverFactory.java:40)
	at org.jboss.arquillian.drone.webdriver.factory.WebDriverFactory.createInstance(WebDriverFactory.java:127)
	at org.jboss.arquillian.drone.webdriver.factory.WebDriverFactory.createInstance(WebDriverFactory.java:38)
	at org.jboss.arquillian.drone.impl.DroneConfigurator$1.createInstance(DroneConfigurator.java:112)
	at org.jboss.arquillian.drone.impl.CachingCallableImpl.call(CachingCallableImpl.java:44)
	at org.jboss.arquillian.core.impl.threading.ThreadedExecutorService$ContextualCallable.call(ThreadedExecutorService.java:88)
	at java.base/java.util.concurrent.FutureTask.run(FutureTask.java:264)
	at java.base/java.util.concurrent.ThreadPoolExecutor.runWorker(ThreadPoolExecutor.java:1130)
	at java.base/java.util.concurrent.ThreadPoolExecutor$Worker.run(ThreadPoolExecutor.java:630)
	at java.base/java.lang.Thread.run(Thread.java:832)

]]></system-err>
  </testcase>
  <testcase name="arquillianBeforeTest" classname="com.autotest.core.appolo.SearchTest" time="0">
    <skipped/>
  </testcase>
  <testcase name="init" classname="com.autotest.core.appolo.SearchTest" time="0">
    <skipped/>
    <system-out><![CDATA[[10:50:49] STARTED: abstracts.AbstractTest.init("maximize")
[10:50:49] SKIP: abstracts.AbstractTest.init("maximize")

]]></system-out>
  </testcase>
  <testcase name="testRoleTeacher" classname="com.autotest.core.appolo.SearchTest" time="0">
    <skipped/>
    <system-out><![CDATA[[10:50:49] STARTED: appolo.SearchTest.testRoleTeacher()
[10:50:49] SKIP: appolo.SearchTest.testRoleTeacher()

]]></system-out>
  </testcase>
</testsuite>