<?xml version="1.0" encoding="UTF-8"?>
<testng-results skipped="0" failed="0" total="4" passed="4">
  <reporter-output>
  </reporter-output>
  <suite name="Interview_Tests" duration-ms="124816" started-at="2018-12-23T17:31:56Z" finished-at="2018-12-23T17:34:01Z">
    <groups>
      <group name="createProject">
        <method signature="AbstractProjectTest.init(java.lang.String)[pri:0, instance:test.java.Test.UserTest@51efea79]" name="init" class="test.java.abstracts.AbstractProjectTest"/>
      </group> <!-- createProject -->
    </groups>
    <test name="User-Test" duration-ms="124816" started-at="2018-12-23T17:31:56Z" finished-at="2018-12-23T17:34:01Z">
      <class name="test.java.Test.UserTest">
        <test-method status="PASS" signature="arquillianBeforeSuite()[pri:0, instance:test.java.Test.UserTest@51efea79]" name="arquillianBeforeSuite" is-config="true" duration-ms="368" started-at="2018-12-24T00:31:56Z" finished-at="2018-12-24T00:31:56Z">
          <reporter-output>
          </reporter-output>
        </test-method> <!-- arquillianBeforeSuite -->
        <test-method status="PASS" signature="arquillianBeforeClass()[pri:0, instance:test.java.Test.UserTest@51efea79]" name="arquillianBeforeClass" is-config="true" duration-ms="43" started-at="2018-12-24T00:31:56Z" finished-at="2018-12-24T00:31:56Z">
          <reporter-output>
          </reporter-output>
        </test-method> <!-- arquillianBeforeClass -->
        <test-method status="PASS" signature="loadProperties()[pri:0, instance:test.java.Test.UserTest@51efea79]" name="loadProperties" is-config="true" duration-ms="1" started-at="2018-12-24T00:31:56Z" finished-at="2018-12-24T00:31:56Z">
          <reporter-output>
          </reporter-output>
        </test-method> <!-- loadProperties -->
        <test-method status="PASS" signature="arquillianBeforeTest(java.lang.reflect.Method)[pri:0, instance:test.java.Test.UserTest@51efea79]" name="arquillianBeforeTest" is-config="true" duration-ms="5376" started-at="2018-12-24T00:31:56Z" finished-at="2018-12-24T00:32:02Z">
          <params>
            <param index="0">
              <value>
                <![CDATA[public void test.java.abstracts.AbstractProjectTest.init(java.lang.String) throws org.json.JSONException]]>
              </value>
            </param>
          </params>
          <reporter-output>
          </reporter-output>
        </test-method> <!-- arquillianBeforeTest -->
        <test-method status="PASS" signature="init(java.lang.String)[pri:0, instance:test.java.Test.UserTest@51efea79]" name="init" duration-ms="97365" started-at="2018-12-24T00:32:02Z" finished-at="2018-12-24T00:33:39Z">
          <params>
            <param index="0">
              <value>
                <![CDATA[maximize]]>
              </value>
            </param>
          </params>
          <reporter-output>
          </reporter-output>
        </test-method> <!-- init -->
        <test-method status="PASS" signature="arquillianAfterTest(java.lang.reflect.Method)[pri:0, instance:test.java.Test.UserTest@51efea79]" name="arquillianAfterTest" is-config="true" duration-ms="11" started-at="2018-12-24T00:33:39Z" finished-at="2018-12-24T00:33:39Z">
          <params>
            <param index="0">
              <value>
                <![CDATA[public void test.java.abstracts.AbstractProjectTest.init(java.lang.String) throws org.json.JSONException]]>
              </value>
            </param>
          </params>
          <reporter-output>
          </reporter-output>
        </test-method> <!-- arquillianAfterTest -->
        <test-method status="PASS" signature="arquillianBeforeTest(java.lang.reflect.Method)[pri:0, instance:test.java.Test.UserTest@51efea79]" name="arquillianBeforeTest" is-config="true" duration-ms="2" started-at="2018-12-24T00:33:39Z" finished-at="2018-12-24T00:33:39Z">
          <params>
            <param index="0">
              <value>
                <![CDATA[public void test.java.Test.UserTest.createNewCustomer()]]>
              </value>
            </param>
          </params>
          <reporter-output>
          </reporter-output>
        </test-method> <!-- arquillianBeforeTest -->
        <test-method status="PASS" signature="createNewCustomer()[pri:0, instance:test.java.Test.UserTest@51efea79]" name="createNewCustomer" duration-ms="9052" depends-on-groups="createProject" started-at="2018-12-24T00:33:39Z" finished-at="2018-12-24T00:33:48Z">
          <reporter-output>
          </reporter-output>
        </test-method> <!-- createNewCustomer -->
        <test-method status="PASS" signature="arquillianAfterTest(java.lang.reflect.Method)[pri:0, instance:test.java.Test.UserTest@51efea79]" name="arquillianAfterTest" is-config="true" duration-ms="1" started-at="2018-12-24T00:33:48Z" finished-at="2018-12-24T00:33:48Z">
          <params>
            <param index="0">
              <value>
                <![CDATA[public void test.java.Test.UserTest.createNewCustomer()]]>
              </value>
            </param>
          </params>
          <reporter-output>
          </reporter-output>
        </test-method> <!-- arquillianAfterTest -->
        <test-method status="PASS" signature="arquillianBeforeTest(java.lang.reflect.Method)[pri:0, instance:test.java.Test.UserTest@51efea79]" name="arquillianBeforeTest" is-config="true" duration-ms="3" started-at="2018-12-24T00:33:48Z" finished-at="2018-12-24T00:33:48Z">
          <params>
            <param index="0">
              <value>
                <![CDATA[public void test.java.Test.UserTest.createNewAccount()]]>
              </value>
            </param>
          </params>
          <reporter-output>
          </reporter-output>
        </test-method> <!-- arquillianBeforeTest -->
        <test-method status="PASS" signature="createNewAccount()[pri:0, instance:test.java.Test.UserTest@51efea79]" name="createNewAccount" duration-ms="5495" started-at="2018-12-24T00:33:48Z" depends-on-methods="test.java.Test.UserTest.createNewCustomer" finished-at="2018-12-24T00:33:54Z">
          <reporter-output>
          </reporter-output>
        </test-method> <!-- createNewAccount -->
        <test-method status="PASS" signature="arquillianAfterTest(java.lang.reflect.Method)[pri:0, instance:test.java.Test.UserTest@51efea79]" name="arquillianAfterTest" is-config="true" duration-ms="1" started-at="2018-12-24T00:33:54Z" finished-at="2018-12-24T00:33:54Z">
          <params>
            <param index="0">
              <value>
                <![CDATA[public void test.java.Test.UserTest.createNewAccount()]]>
              </value>
            </param>
          </params>
          <reporter-output>
          </reporter-output>
        </test-method> <!-- arquillianAfterTest -->
        <test-method status="PASS" signature="arquillianBeforeTest(java.lang.reflect.Method)[pri:0, instance:test.java.Test.UserTest@51efea79]" name="arquillianBeforeTest" is-config="true" duration-ms="3" started-at="2018-12-24T00:33:54Z" finished-at="2018-12-24T00:33:54Z">
          <params>
            <param index="0">
              <value>
                <![CDATA[public void test.java.Test.UserTest.createDeposit()]]>
              </value>
            </param>
          </params>
          <reporter-output>
          </reporter-output>
        </test-method> <!-- arquillianBeforeTest -->
        <test-method status="PASS" signature="createDeposit()[pri:0, instance:test.java.Test.UserTest@51efea79]" name="createDeposit" duration-ms="6449" started-at="2018-12-24T00:33:54Z" depends-on-methods="test.java.Test.UserTest.createNewAccount" finished-at="2018-12-24T00:34:00Z">
          <reporter-output>
          </reporter-output>
        </test-method> <!-- createDeposit -->
        <test-method status="PASS" signature="arquillianAfterTest(java.lang.reflect.Method)[pri:0, instance:test.java.Test.UserTest@51efea79]" name="arquillianAfterTest" is-config="true" duration-ms="1" started-at="2018-12-24T00:34:00Z" finished-at="2018-12-24T00:34:00Z">
          <params>
            <param index="0">
              <value>
                <![CDATA[public void test.java.Test.UserTest.createDeposit()]]>
              </value>
            </param>
          </params>
          <reporter-output>
          </reporter-output>
        </test-method> <!-- arquillianAfterTest -->
        <test-method status="PASS" signature="arquillianAfterClass()[pri:0, instance:test.java.Test.UserTest@51efea79]" name="arquillianAfterClass" is-config="true" duration-ms="1002" started-at="2018-12-24T00:34:00Z" finished-at="2018-12-24T00:34:01Z">
          <reporter-output>
          </reporter-output>
        </test-method> <!-- arquillianAfterClass -->
        <test-method status="PASS" signature="arquillianAfterSuite()[pri:0, instance:test.java.Test.UserTest@51efea79]" name="arquillianAfterSuite" is-config="true" duration-ms="1" started-at="2018-12-24T00:34:01Z" finished-at="2018-12-24T00:34:01Z">
          <reporter-output>
          </reporter-output>
        </test-method> <!-- arquillianAfterSuite -->
      </class> <!-- test.java.Test.UserTest -->
    </test> <!-- User-Test -->
  </suite> <!-- Interview_Tests -->
</testng-results>
