<?xml version="1.0" encoding="UTF-8"?>
<!-- Generated by org.testng.reporters.JUnitXMLReporter -->
<testsuite hostname="LAP-00911s-MacBook-Pro.local" failures="0" tests="2" name="Surefire test" time="0.22" errors="0" timestamp="12 May 2021 03:50:49 GMT">
  <testcase classname="com.autotest.core.appolo.SearchTest" name="@BeforeMethod arquillianBeforeTest" time="0.0">
    <failure type="java.lang.IllegalStateException" message="There is no context available for qualifier org.jboss.arquillian.drone.api.annotation.Default. Available contexts are [].">
      <![CDATA[java.lang.IllegalStateException: There is no context available for qualifier org.jboss.arquillian.drone.api.annotation.Default. Available contexts are [].
	at org.jboss.arquillian.graphene.context.GrapheneContextImpl$LazyContext.getContext(GrapheneContextImpl.java:302)
	at org.jboss.arquillian.graphene.context.GrapheneContextImpl$LazyContext.getConfiguration(GrapheneContextImpl.java:234)
	at org.jboss.arquillian.graphene.DefaultGrapheneRuntime.waitGui(DefaultGrapheneRuntime.java:105)
	at org.jboss.arquillian.graphene.Graphene.waitGui(Graphene.java:216)
	at org.jboss.arquillian.graphene.enricher.StaleElementInterceptor.intercept(StaleElementInterceptor.java:43)
	at org.jboss.arquillian.graphene.proxy.InvocationContextImpl.invoke(InvocationContextImpl.java:87)
	at org.jboss.arquillian.graphene.enricher.SearchContextInterceptor.intercept(SearchContextInterceptor.java:50)
	at org.jboss.arquillian.graphene.proxy.InvocationContextImpl.invoke(InvocationContextImpl.java:87)
	at org.jboss.arquillian.graphene.proxy.GrapheneContextualHandler$2.call(GrapheneContextualHandler.java:241)
	at org.jboss.arquillian.graphene.context.BrowserActions.performAction(BrowserActions.java:62)
	at org.jboss.arquillian.graphene.proxy.GrapheneContextualHandler.invoke(GrapheneContextualHandler.java:237)
	at com.sun.proxy.$Proxy28.getScreenshotAs(Unknown Source)
	at com.autotest.core.ultil.Screenshots.takeScreenshot(Screenshots.java:35)
	at com.autotest.core.ultil.Screenshots.takeFailureScreenshot(Screenshots.java:27)
	at com.autotest.core.ultil.testng.listener.AuxiliaryFailureScreenshotListener.afterInvocation(AuxiliaryFailureScreenshotListener.java:42)
... Removed 28 stack frames]]>
    </failure>
  </testcase> <!-- @BeforeMethod arquillianBeforeTest -->
  <testcase classname="com.autotest.core.appolo.SearchTest" name="@BeforeMethod arquillianBeforeTest" time="0.0">
    <skipped/>
  </testcase> <!-- @BeforeMethod arquillianBeforeTest -->
  <testcase classname="com.autotest.core.appolo.SearchTest" name="init" time="0.019">
    <skipped/>
  </testcase> <!-- init -->
  <testcase classname="com.autotest.core.appolo.SearchTest" name="testRoleTeacher" time="0.001">
    <skipped/>
  </testcase> <!-- testRoleTeacher -->
</testsuite> <!-- Surefire test -->
