<?xml version="1.0" encoding="UTF-8"?>
<!-- Generated by org.testng.reporters.JUnitXMLReporter -->
<testsuite hostname="DESKTOP-D2D4SSH" name="User-Test" tests="4" failures="0" timestamp="23 Dec 2018 17:34:01 GMT" time="124.816" errors="0">
  <testcase name="init" time="97.365" classname="test.java.Test.UserTest"/>
  <testcase name="createNewCustomer" time="9.052" classname="test.java.Test.UserTest"/>
  <testcase name="createNewAccount" time="5.495" classname="test.java.Test.UserTest"/>
  <testcase name="createDeposit" time="6.449" classname="test.java.Test.UserTest"/>
</testsuite> <!-- User-Test -->
